date: 2014-07-07 22:55:05.069
argv: node /usr/local/bin/hexo server
os: Darwin 13.0.0 darwin x64
version:
  hexo: 2.4.5
  http_parser: 1.0
  node: 0.10.26
  v8: 3.14.5.9
  ares: 1.9.0-DEV
  uv: 0.10.25
  zlib: 1.2.3
  modules: 11
  openssl: 1.0.1e
---

[debug] 22:55:04.928 Configuration file load successfully
[debug] 22:55:04.930 Version info checked successfully
[debug] 22:55:04.954 Loading database.
[debug] 22:55:04.981 Script load successfully: fancybox.js
[debug] 22:55:05.003 Theme layout loaded
[debug] 22:55:05.016 Theme configuration loaded
[debug] 22:55:05.033 Theme source loaded
[debug] 22:55:05.037 Theme language files loaded
[debug] 22:55:05.062 Processed: _posts/javascript若干问题.md
[error] 22:55:05.063 { rawMessage: 'Unable to parse.',
  parsedLine: 3,
  snippet: 'tags:jquery plugin',
  parsedFile: null,
  message: 'Unable to parse.',
  domain: 
   { domain: null,
     _events: { error: [Function] },
     _maxListeners: 10,
     members: [],
     _disposed: true },
  domainThrown: true }
[debug] 22:55:05.068 Processed: _posts/nodejs-入门.md
[debug] 22:55:05.068 Processed: _posts/一个完整的ranking-插件诞生记录-一.md
[debug] 22:55:05.068 Processed: _posts/安装ruby-rails-for-mac-109.md